Build started 01/08/2015 17:15:50.
Project "C:\Users\jcurl.HOME\Documents\Visual Studio 2012\Projects\serialportstream\code\SerialPortStream.csproj" on node 1 (Rebuild target(s)).
CoreClean:
  Deleting file "C:\Users\jcurl.HOME\Documents\Visual Studio 2012\Projects\serialportstream\distribute\lib\net40\RJCP.SerialPortStream.dll".
  Deleting file "C:\Users\jcurl.HOME\Documents\Visual Studio 2012\Projects\serialportstream\distribute\lib\net40\RJCP.SerialPortStream.pdb".
  Deleting file "C:\Users\jcurl.HOME\Documents\Visual Studio 2012\Projects\serialportstream\distribute\lib\net40\RJCP.SerialPortStream.XML".
  Deleting file "C:\Users\jcurl.HOME\Documents\Visual Studio 2012\Projects\serialportstream\code\obj\Release\SerialPortStream.csprojResolveAssemblyReference.cache".
  Deleting file "C:\Users\jcurl.HOME\Documents\Visual Studio 2012\Projects\serialportstream\code\obj\Release\RJCP.SerialPortStream.dll".
  Deleting file "C:\Users\jcurl.HOME\Documents\Visual Studio 2012\Projects\serialportstream\code\obj\Release\RJCP.SerialPortStream.pdb".
GenerateTargetFrameworkMonikerAttribute:
Skipping target "GenerateTargetFrameworkMonikerAttribute" because all output files are up-to-date with respect to the input files.
CoreCompile:
  C:\Windows\Microsoft.NET\Framework\v4.0.30319\Csc.exe /noconfig /unsafe+ /nowarn:1701,1702 /nostdlib+ /errorreport:prompt /warn:4 /doc:bin\Release\RJCP.SerialPortStream.XML /define:SIGNED_RELEASE /highentropyva- /reference:"C:\Program Files (x86)\Reference Assemblies\Microsoft\Framework\.NETFramework\v4.0\Microsoft.CSharp.dll" /reference:"C:\Program Files (x86)\Reference Assemblies\Microsoft\Framework\.NETFramework\v4.0\mscorlib.dll" /reference:"C:\Program Files (x86)\Reference Assemblies\Microsoft\Framework\.NETFramework\v4.0\System.Core.dll" /reference:"C:\Program Files (x86)\Reference Assemblies\Microsoft\Framework\.NETFramework\v4.0\System.dll" /reference:"C:\Program Files (x86)\Reference Assemblies\Microsoft\Framework\.NETFramework\v4.0\System.Management.dll" /debug:pdbonly /filealign:512 /keycontainer:VS_KEY_4C1025FD77857536 /optimize+ /out:obj\Release\RJCP.SerialPortStream.dll /target:library /utf8output Native\NativeMethods.cs Native\SafeNativeMethods.cs Native\UnsafeNativeMethods.cs Properties\AssemblyInfo.cs Datastructures\CircularBuffer.cs Datastructures\TimerExpiry.cs LocalAsyncResult.cs PortDescription.cs SerialPortStream.cs SerialPortStream.NativeSerialPort.cs SerialPortStream.NativeSerialPort.CommState.cs SerialPortStream.NativeSerialPort.CommProperties.cs SerialPortStream.NativeSerialPort.CommModemStatus.cs SerialPortStream.NativeSerialPort.CommOverlappedIo.cs SerialPortStream.SerialTrace.cs SerialPortStream.WinError.cs SerialPortTypes.cs "C:\Users\jcurl.HOME\AppData\Local\Temp\.NETFramework,Version=v4.0.AssemblyAttributes.cs"
CopyFilesToOutputDirectory:
  Copying file from "obj\Release\RJCP.SerialPortStream.dll" to "C:\Users\jcurl.HOME\Documents\Visual Studio 2012\Projects\serialportstream\distribute\lib\net40\RJCP.SerialPortStream.dll".
  SerialPortStream -> C:\Users\jcurl.HOME\Documents\Visual Studio 2012\Projects\serialportstream\distribute\lib\net40\RJCP.SerialPortStream.dll
  Copying file from "obj\Release\RJCP.SerialPortStream.pdb" to "C:\Users\jcurl.HOME\Documents\Visual Studio 2012\Projects\serialportstream\distribute\lib\net40\RJCP.SerialPortStream.pdb".
  Copying file from "bin\Release\RJCP.SerialPortStream.XML" to "C:\Users\jcurl.HOME\Documents\Visual Studio 2012\Projects\serialportstream\distribute\lib\net40\RJCP.SerialPortStream.XML".
Done Building Project "C:\Users\jcurl.HOME\Documents\Visual Studio 2012\Projects\serialportstream\code\SerialPortStream.csproj" (Rebuild target(s)).


Build succeeded.
    0 Warning(s)
    0 Error(s)

Time Elapsed 00:00:00.51
